
  .   ____          _            __ _ _
 /\\ / ___'_ __ _ _(_)_ __  __ _ \ \ \ \
( ( )\___ | '_ | '_| | '_ \/ _` | \ \ \ \
 \\/  ___)| |_)| | | | | || (_| |  ) ) ) )
  '  |____| .__|_| |_|_| |_\__, | / / / /
 =========|_|==============|___/=/_/_/_/

 :: Spring Boot ::                (v4.0.1)

2026-02-12T00:32:08.890Z  INFO 12132 --- [algo] [           main] com.exam.AlgoApplication                 : Starting AlgoApplication v0.0.1-SNAPSHOT using Java 21.0.9 with PID 12132 (/home/vincentjamescontento/Adaptive-Examination-System-Using-Hybrid-Algorithmic-Framework/target/algo-0.0.1-SNAPSHOT.war started by vincentjamescontento in /home/vincentjamescontento/Adaptive-Examination-System-Using-Hybrid-Algorithmic-Framework)
2026-02-12T00:32:08.898Z  INFO 12132 --- [algo] [           main] com.exam.AlgoApplication                 : No active profile set, falling back to 1 default profile: "default"
2026-02-12T00:32:10.697Z  INFO 12132 --- [algo] [           main] .s.d.r.c.RepositoryConfigurationDelegate : Bootstrapping Spring Data JPA repositories in DEFAULT mode.
2026-02-12T00:32:10.790Z  INFO 12132 --- [algo] [           main] .s.d.r.c.RepositoryConfigurationDelegate : Finished Spring Data repository scanning in 75 ms. Found 3 JPA repository interfaces.
2026-02-12T00:32:11.935Z  INFO 12132 --- [algo] [           main] o.s.boot.tomcat.TomcatWebServer          : Tomcat initialized with port 8080 (http)
2026-02-12T00:32:11.976Z  INFO 12132 --- [algo] [           main] o.apache.catalina.core.StandardService   : Starting service [Tomcat]
2026-02-12T00:32:11.976Z  INFO 12132 --- [algo] [           main] o.apache.catalina.core.StandardEngine    : Starting Servlet engine: [Apache Tomcat/11.0.15]
2026-02-12T00:32:12.096Z  INFO 12132 --- [algo] [           main] b.w.c.s.WebApplicationContextInitializer : Root WebApplicationContext: initialization completed in 3063 ms
2026-02-12T00:32:12.747Z  INFO 12132 --- [algo] [           main] org.hibernate.orm.jpa                    : HHH008540: Processing PersistenceUnitInfo [name: default]
2026-02-12T00:32:12.863Z  INFO 12132 --- [algo] [           main] org.hibernate.orm.core                   : HHH000001: Hibernate ORM core version 7.2.0.Final
2026-02-12T00:32:13.990Z  INFO 12132 --- [algo] [           main] o.s.o.j.p.SpringPersistenceUnitInfo      : No LoadTimeWeaver setup: ignoring JPA class transformer
2026-02-12T00:32:14.044Z  INFO 12132 --- [algo] [           main] com.zaxxer.hikari.HikariDataSource       : HikariPool-1 - Starting...
2026-02-12T00:32:14.304Z  INFO 12132 --- [algo] [           main] com.zaxxer.hikari.pool.HikariPool        : HikariPool-1 - Added connection com.mysql.cj.jdbc.ConnectionImpl@1554eaa4
2026-02-12T00:32:14.307Z  INFO 12132 --- [algo] [           main] com.zaxxer.hikari.HikariDataSource       : HikariPool-1 - Start completed.
2026-02-12T00:32:14.377Z  WARN 12132 --- [algo] [           main] org.hibernate.orm.core                   : HHH000511: The 5.5.5 version for [org.hibernate.dialect.MySQLDialect] is no longer supported, hence certain features may not work properly.The minimum supported version is 8.0.0. Check the community dialects project for available legacy versions.
2026-02-12T00:32:14.382Z  WARN 12132 --- [algo] [           main] org.hibernate.orm.deprecation            : HHH90000025: MySQLDialect does not need to be specified explicitly using 'hibernate.dialect' (remove the property setting and it will be selected by default)
2026-02-12T00:32:14.416Z  INFO 12132 --- [algo] [           main] org.hibernate.orm.connections.pooling    : HHH10001005: Database info:
	Database JDBC URL [jdbc:mysql://localhost:3306/adaptiveexam?createDatabaseIfNotExist=true&useSSL=false&serverTimezone=UTC]
	Database driver: MySQL Connector/J
	Database dialect: MySQLDialect
	Database version: 5.5.5
	Default catalog/schema: adaptiveexam/undefined
	Autocommit mode: undefined/unknown
	Isolation level: REPEATABLE_READ [default REPEATABLE_READ]
	JDBC fetch size: none
	Pool: DataSourceConnectionProvider
	Minimum pool size: undefined/unknown
	Maximum pool size: undefined/unknown
2026-02-12T00:32:15.974Z  INFO 12132 --- [algo] [           main] org.hibernate.orm.core                   : HHH000489: No JTA platform available (set 'hibernate.transaction.jta.platform' to enable JTA platform integration)
2026-02-12T00:32:16.039Z  INFO 12132 --- [algo] [           main] j.LocalContainerEntityManagerFactoryBean : Initialized JPA EntityManagerFactory for persistence unit 'default'
2026-02-12T00:32:16.176Z  INFO 12132 --- [algo] [           main] o.s.d.j.r.query.QueryEnhancerFactories   : Hibernate is in classpath; If applicable, HQL parser will be used.
2026-02-12T00:32:16.652Z  WARN 12132 --- [algo] [           main] JpaBaseConfiguration$JpaWebConfiguration : spring.jpa.open-in-view is enabled by default. Therefore, database queries may be performed during view rendering. Explicitly configure spring.jpa.open-in-view to disable this warning
2026-02-12T00:32:16.757Z  INFO 12132 --- [algo] [           main] r$InitializeUserDetailsManagerConfigurer : Global AuthenticationManager configured with UserDetailsService bean with name customUserDetailsService
2026-02-12T00:32:17.994Z  INFO 12132 --- [algo] [           main] o.s.b.a.e.web.EndpointLinksResolver      : Exposing 1 endpoint beneath base path '/actuator'
2026-02-12T00:32:18.126Z  INFO 12132 --- [algo] [           main] o.s.boot.tomcat.TomcatWebServer          : Tomcat started on port 8080 (http) with context path '/'
2026-02-12T00:32:18.142Z  INFO 12132 --- [algo] [           main] com.exam.AlgoApplication                 : Started AlgoApplication in 10.196 seconds (process running for 11.407)
